<?xml version="1.0" encoding="UTF-8"?>
<testng-results ignored="0" total="1" passed="1" failed="0" skipped="0">
  <reporter-output>
  </reporter-output>
  <suite started-at="2020-11-05T21:35:52 IST" name="Default suite" finished-at="2020-11-05T21:35:52 IST" duration-ms="100">
    <groups>
    </groups>
    <test started-at="2020-11-05T21:35:52 IST" name="Default test" finished-at="2020-11-05T21:35:52 IST" duration-ms="100">
      <class name="demo.Sample2">
        <test-method signature="demo()[pri:0, instance:demo.Sample2@740773a3]" started-at="2020-11-05T21:35:52 IST" name="demo" finished-at="2020-11-05T21:35:52 IST" duration-ms="23" status="PASS">
          <reporter-output>
          </reporter-output>
        </test-method> <!-- demo -->
      </class> <!-- demo.Sample2 -->
    </test> <!-- Default test -->
  </suite> <!-- Default suite -->
</testng-results>
